<?xml version="1.0" encoding="UTF-8"?>
<testsuite xmlns:xsi="http://www.w3.org/2001/XMLSchema-instance" xsi:noNamespaceSchemaLocation="https://maven.apache.org/surefire/maven-surefire-plugin/xsd/surefire-test-report.xsd" name="orderTest.AcceptOrderTest" time="8.157" tests="6" errors="0" skipped="0" failures="1">
  <properties>
[...]
</properties>
  <testcase name="acceptNotExistsOrderExistCourier" classname="orderTest.AcceptOrderTest" time="4.155"/>
  <testcase name="acceptExistsOrderNotExistCourier" classname="orderTest.AcceptOrderTest" time="0.794"/>
  <testcase name="acceptExistsOrderExistsCourierTwice" classname="orderTest.AcceptOrderTest" time="0.952"/>
  <testcase name="acceptEmptyOrderExistCourier" classname="orderTest.AcceptOrderTest" time="0.611">
    <failure message="expected:&lt;[Недостаточно данных для поиска]&gt; but was:&lt;[Not Found.]&gt;" type="org.junit.ComparisonFailure"><![CDATA[org.junit.ComparisonFailure: expected:<[Недостаточно данных для поиска]> but was:<[Not Found.]>
	at orderTest.AcceptOrderTest.acceptEmptyOrderExistCourier(AcceptOrderTest.java:129)
]]></failure>
    <system-out><![CDATA[Request method:	POST
Request URI:	https://qa-scooter.praktikum-services.ru/api/v1/courier
Proxy:			<none>
Request params:	<none>
Query params:	<none>
Form params:	<none>
Path params:	<none>
Headers:		Accept=*/*
				Content-Type=application/json
Cookies:		<none>
Multiparts:		<none>
Body:
{
    "login": "Qwesar",
    "password": "qwesar123",
    "firstName": "Александр"
}
Request method:	POST
Request URI:	https://qa-scooter.praktikum-services.ru/api/v1/courier/login
Proxy:			<none>
Request params:	<none>
Query params:	<none>
Form params:	<none>
Path params:	<none>
Headers:		Accept=*/*
				Content-Type=application/json
Cookies:		<none>
Multiparts:		<none>
Body:
{
    "login": "Qwesar",
    "password": "qwesar123"
}
Request method:	PUT
Request URI:	https://qa-scooter.praktikum-services.ru/api/v1/orders/accept/?courierId=80494
Proxy:			<none>
Request params:	<none>
Query params:	courierId=80494
Form params:	<none>
Path params:	<none>
Headers:		Accept=*/*
				Content-Type=application/json
Cookies:		<none>
Multiparts:		<none>
Body:			<none>
Request method:	POST
Request URI:	https://qa-scooter.praktikum-services.ru/api/v1/courier/login
Proxy:			<none>
Request params:	<none>
Query params:	<none>
Form params:	<none>
Path params:	<none>
Headers:		Accept=*/*
				Content-Type=application/json
Cookies:		<none>
Multiparts:		<none>
Body:
{
    "login": "Qwesar",
    "password": "qwesar123"
}
Request method:	DELETE
Request URI:	https://qa-scooter.praktikum-services.ru/api/v1/courier/80494
Proxy:			<none>
Request params:	<none>
Query params:	<none>
Form params:	<none>
Path params:	<none>
Headers:		Accept=*/*
				Content-Type=application/json
Cookies:		<none>
Multiparts:		<none>
Body:			<none>
]]></system-out>
  </testcase>
  <testcase name="acceptExistsOrderExistsCourier" classname="orderTest.AcceptOrderTest" time="0.853"/>
  <testcase name="acceptExistsOrderEmptyCourier" classname="orderTest.AcceptOrderTest" time="0.663"/>
</testsuite>