-------------------------------------------------------------------------------
Test set: сourierTest.CreateWithoutParamsTest
-------------------------------------------------------------------------------
Tests run: 3, Failures: 1, Errors: 0, Skipped: 0, Time elapsed: 0.786 s <<< FAILURE! - in сourierTest.CreateWithoutParamsTest
createWithoutName(сourierTest.CreateWithoutParamsTest)  Time elapsed: 0.36 s  <<< FAILURE!
java.lang.AssertionError: expected:<400> but was:<201>
	at сourierTest.CreateWithoutParamsTest.createWithoutName(CreateWithoutParamsTest.java:69)

