-------------------------------------------------------------------------------
Test set: сourierTest.CourierLoginWithoutParamTest
-------------------------------------------------------------------------------
Tests run: 4, Failures: 1, Errors: 0, Skipped: 0, Time elapsed: 61.744 s <<< FAILURE! - in сourierTest.CourierLoginWithoutParamTest
loginWithoutPass(сourierTest.CourierLoginWithoutParamTest)  Time elapsed: 60.505 s  <<< FAILURE!
java.lang.AssertionError: expected:<400> but was:<504>
	at сourierTest.CourierLoginWithoutParamTest.loginWithoutPass(CourierLoginWithoutParamTest.java:51)

