-------------------------------------------------------------------------------
Test set: сourierTest.CreateNewCourierTest
-------------------------------------------------------------------------------
Tests run: 3, Failures: 1, Errors: 0, Skipped: 0, Time elapsed: 1.069 s <<< FAILURE! - in сourierTest.CreateNewCourierTest
twoIdenticalCourierError(сourierTest.CreateNewCourierTest)  Time elapsed: 0.419 s  <<< FAILURE!
org.junit.ComparisonFailure: expected:<...гин уже используется[]> but was:<...гин уже используется[. Попробуйте другой.]>
	at сourierTest.CreateNewCourierTest.twoIdenticalCourierError(CreateNewCourierTest.java:59)

